<?xml version="1.0" encoding="UTF-8"?>
<testng-results ignored="0" total="10" passed="10" failed="0" skipped="0">
  <reporter-output>
  </reporter-output>
  <suite started-at="2022-03-31T22:40:32 EDT" name="Suite" finished-at="2022-03-31T22:40:45 EDT" duration-ms="13003">
    <groups>
      <group name="city">
        <method signature="Basic.demo8()[pri:0, instance:Testpackage.Basic@7f010382]" name="demo8" class="Testpackage.Basic"/>
        <method signature="Basic4.demo2()[pri:0, instance:Testpackage.Basic4@36c88a32]" name="demo2" class="Testpackage.Basic4"/>
        <method signature="basic2.demo(java.lang.String,java.lang.String)[pri:0, instance:Testpackage.basic2@4313f5bc]" name="demo" class="Testpackage.basic2"/>
      </group> <!-- city -->
    </groups>
    <test started-at="2022-03-31T22:40:32 EDT" name="Basic1,2" finished-at="2022-03-31T22:40:45 EDT" duration-ms="13003">
      <class name="Testpackage.basic2">
        <test-method signature="demo(java.lang.String,java.lang.String)[pri:0, instance:Testpackage.basic2@4313f5bc]" started-at="2022-03-31T22:40:32 EDT" name="demo" finished-at="2022-03-31T22:40:40 EDT" duration-ms="8018" status="PASS">
          <params>
            <param index="0">
              <value>
                <![CDATA[https://www.google.com/]]>
              </value>
            </param>
            <param index="1">
              <value>
                <![CDATA[https://www.youtube.com/]]>
              </value>
            </param>
          </params>
          <reporter-output>
          </reporter-output>
        </test-method> <!-- demo -->
      </class> <!-- Testpackage.basic2 -->
      <class name="Testpackage.Basic4">
        <test-method is-config="true" signature="beforetest()[pri:0, instance:Testpackage.Basic4@36c88a32]" started-at="2022-03-31T22:40:32 EDT" name="beforetest" finished-at="2022-03-31T22:40:32 EDT" duration-ms="3" status="PASS">
          <reporter-output>
          </reporter-output>
        </test-method> <!-- beforetest -->
        <test-method signature="Rida()[pri:0, instance:Testpackage.Basic4@36c88a32]" started-at="2022-03-31T22:40:40 EDT" name="Rida" finished-at="2022-03-31T22:40:40 EDT" duration-ms="1" status="PASS">
          <reporter-output>
          </reporter-output>
        </test-method> <!-- Rida -->
        <test-method signature="demo()[pri:0, instance:Testpackage.Basic4@36c88a32]" started-at="2022-03-31T22:40:40 EDT" name="demo" finished-at="2022-03-31T22:40:40 EDT" duration-ms="5" status="PASS">
          <reporter-output>
          </reporter-output>
        </test-method> <!-- demo -->
        <test-method signature="demo2()[pri:0, instance:Testpackage.Basic4@36c88a32]" started-at="2022-03-31T22:40:40 EDT" name="demo2" finished-at="2022-03-31T22:40:40 EDT" duration-ms="0" status="PASS">
          <reporter-output>
          </reporter-output>
        </test-method> <!-- demo2 -->
        <test-method signature="demo3(java.lang.String)[pri:0, instance:Testpackage.Basic4@36c88a32]" started-at="2022-03-31T22:40:40 EDT" name="demo3" finished-at="2022-03-31T22:40:45 EDT" duration-ms="4944" status="PASS">
          <params>
            <param index="0">
              <value>
                <![CDATA[https://www.facebook.com/]]>
              </value>
            </param>
          </params>
          <reporter-output>
          </reporter-output>
        </test-method> <!-- demo3 -->
        <test-method is-config="true" signature="aftertest()[pri:0, instance:Testpackage.Basic4@36c88a32]" started-at="2022-03-31T22:40:45 EDT" name="aftertest" finished-at="2022-03-31T22:40:45 EDT" duration-ms="0" status="PASS">
          <reporter-output>
          </reporter-output>
        </test-method> <!-- aftertest -->
      </class> <!-- Testpackage.Basic4 -->
      <class name="Testpackage.Basic">
        <test-method signature="demo()[pri:0, instance:Testpackage.Basic@7f010382]" started-at="2022-03-31T22:40:40 EDT" name="demo" finished-at="2022-03-31T22:40:40 EDT" duration-ms="1" status="PASS">
          <reporter-output>
          </reporter-output>
        </test-method> <!-- demo -->
        <test-method signature="demo8()[pri:0, instance:Testpackage.Basic@7f010382]" started-at="2022-03-31T22:40:40 EDT" name="demo8" finished-at="2022-03-31T22:40:40 EDT" duration-ms="0" status="PASS">
          <reporter-output>
          </reporter-output>
        </test-method> <!-- demo8 -->
      </class> <!-- Testpackage.Basic -->
      <class name="Testpackage.dataprovider">
        <test-method signature="test(java.lang.String,java.lang.String)[pri:0, instance:Testpackage.dataprovider@419c5f1a]" started-at="2022-03-31T22:40:32 EDT" name="test" data-provider="getdata" finished-at="2022-03-31T22:40:32 EDT" duration-ms="2" status="PASS">
          <params>
            <param index="0">
              <value>
                <![CDATA[FirstUsername]]>
              </value>
            </param>
            <param index="1">
              <value>
                <![CDATA[FirstPassword]]>
              </value>
            </param>
          </params>
          <reporter-output>
          </reporter-output>
        </test-method> <!-- test -->
        <test-method signature="test(java.lang.String,java.lang.String)[pri:0, instance:Testpackage.dataprovider@419c5f1a]" started-at="2022-03-31T22:40:32 EDT" name="test" data-provider="getdata" finished-at="2022-03-31T22:40:32 EDT" duration-ms="0" status="PASS">
          <params>
            <param index="0">
              <value>
                <![CDATA[2ndUsername]]>
              </value>
            </param>
            <param index="1">
              <value>
                <![CDATA[2ndpassword]]>
              </value>
            </param>
          </params>
          <reporter-output>
          </reporter-output>
        </test-method> <!-- test -->
        <test-method signature="test(java.lang.String,java.lang.String)[pri:0, instance:Testpackage.dataprovider@419c5f1a]" started-at="2022-03-31T22:40:32 EDT" name="test" data-provider="getdata" finished-at="2022-03-31T22:40:32 EDT" duration-ms="0" status="PASS">
          <params>
            <param index="0">
              <value>
                <![CDATA[3rdUsername]]>
              </value>
            </param>
            <param index="1">
              <value>
                <![CDATA[3rdpassword]]>
              </value>
            </param>
          </params>
          <reporter-output>
          </reporter-output>
        </test-method> <!-- test -->
      </class> <!-- Testpackage.dataprovider -->
    </test> <!-- Basic1,2 -->
  </suite> <!-- Suite -->
</testng-results>
