<?xml version="1.0" encoding="UTF-8"?>
<!-- Generated by org.testng.reporters.JUnitXMLReporter -->
<testsuite ignored="0" hostname="MOHAMMADs-Mini" failures="0" tests="3" name="Default test" time="0.018" errors="0" timestamp="2022-03-31T22:31:53 EDT">
  <testcase classname="Testpackage.dataprovider" name="test" time="0.003"/>
  <testcase classname="Testpackage.dataprovider" name="test" time="0.001"/>
  <testcase classname="Testpackage.dataprovider" name="test" time="0.001"/>
</testsuite> <!-- Default test -->
