<?xml version="1.0" encoding="UTF-8"?>
<!-- Generated by org.testng.reporters.JUnitXMLReporter -->
<testsuite ignored="0" hostname="MOHAMMADs-Mini" failures="0" tests="3" name="Test" time="73.922" errors="0" timestamp="2022-05-24T22:37:39 EDT">
  <testcase classname="Academy.NavigationBarTestCase" name="Title" time="2.688"/>
  <testcase classname="Academy.Titlepage" name="Title" time="2.87"/>
  <testcase classname="Academy.HomePage" name="basePagenavigation" time="3.826"/>
</testsuite> <!-- Test -->
