<?xml version="1.0" encoding="UTF-8"?>
<!-- Generated by org.testng.reporters.JUnitXMLReporter -->
<testsuite ignored="1" hostname="MOHAMMADs-Mini" failures="0" tests="1" name="Default test" time="0.046" errors="0" timestamp="2022-04-13T02:20:24 EDT">
  <testcase classname="Basic_Maven.Basic_Maven_ID.Appium" name="mobileapp" time="0.01"/>
  <testcase classname="Basic_Maven.Basic_Maven_ID.Appium" name="fbapp" time="0.0">
    <ignored/>
  </testcase> <!-- fbapp -->
</testsuite> <!-- Default test -->
