<?xml version="1.0" encoding="UTF-8"?>
<testng-results ignored="0" total="1" passed="1" failed="0" skipped="0">
  <reporter-output>
  </reporter-output>
  <suite started-at="2022-05-16T21:18:52 EDT" name="Default suite" finished-at="2022-05-16T21:19:01 EDT" duration-ms="9682">
    <groups>
    </groups>
    <test started-at="2022-05-16T21:18:52 EDT" name="Default test" finished-at="2022-05-16T21:19:01 EDT" duration-ms="9682">
      <class name="Alpha.Loginapplication">
        <test-method signature="Login()[pri:0, instance:Alpha.Loginapplication@15aab8c6]" started-at="2022-05-16T21:18:52 EDT" name="Login" finished-at="2022-05-16T21:19:01 EDT" duration-ms="9653" status="PASS">
          <reporter-output>
          </reporter-output>
        </test-method> <!-- Login -->
      </class> <!-- Alpha.Loginapplication -->
    </test> <!-- Default test -->
  </suite> <!-- Default suite -->
</testng-results>
