<?xml version="1.0" encoding="UTF-8"?>
<!-- Generated by org.testng.reporters.JUnitXMLReporter -->
<testsuite ignored="3" hostname="MOHAMMADs-Mini" failures="0" tests="1" name="Basic4" time="0.001" errors="0" timestamp="2022-03-30T23:57:31 EDT">
  <testcase classname="Testpackage.Basic4" name="Rida" time="0.001"/>
  <testcase classname="Testpackage.Basic4" name="demo3" time="0.0">
    <ignored/>
  </testcase> <!-- demo3 -->
  <testcase classname="Testpackage.Basic4" name="demo2" time="0.0">
    <ignored/>
  </testcase> <!-- demo2 -->
  <testcase classname="Testpackage.Basic4" name="demo" time="0.0">
    <ignored/>
  </testcase> <!-- demo -->
</testsuite> <!-- Basic4 -->
