<?xml version="1.0" encoding="UTF-8"?>
<!-- Generated by org.testng.reporters.JUnitXMLReporter -->
<testsuite ignored="0" hostname="MOHAMMADs-Mini" failures="0" tests="10" name="Basic1,2" time="13.003" errors="0" timestamp="2022-03-31T22:40:45 EDT">
  <testcase classname="Testpackage.dataprovider" name="test" time="0.002"/>
  <testcase classname="Testpackage.dataprovider" name="test" time="0.0"/>
  <testcase classname="Testpackage.dataprovider" name="test" time="0.0"/>
  <testcase classname="Testpackage.basic2" name="demo" time="8.018"/>
  <testcase classname="Testpackage.Basic" name="demo" time="0.001"/>
  <testcase classname="Testpackage.Basic" name="demo8" time="0.0"/>
  <testcase classname="Testpackage.Basic4" name="Rida" time="0.001"/>
  <testcase classname="Testpackage.Basic4" name="demo" time="0.005"/>
  <testcase classname="Testpackage.Basic4" name="demo2" time="0.0"/>
  <testcase classname="Testpackage.Basic4" name="demo3" time="4.944"/>
</testsuite> <!-- Basic1,2 -->
